This file contains any messages produced by compilers while
running configure, to aid debugging if configure makes a mistake.

It was created by cairo-dock configure 2.0.0-alpha0, which was
generated by GNU Autoconf 2.61.  Invocation command line was

  $ ./configure --prefix=/usr/local

## --------- ##
## Platform. ##
## --------- ##

hostname = esteban
uname -m = i686
uname -r = 2.6.24-21-generic
uname -s = Linux
uname -v = #1 SMP Tue Oct 21 23:43:45 UTC 2008

/usr/bin/uname -p = unknown
/bin/uname -X     = unknown

/bin/arch              = unknown
/usr/bin/arch -k       = unknown
/usr/convex/getsysinfo = unknown
/usr/bin/hostinfo      = unknown
/bin/machine           = unknown
/usr/bin/oslevel       = unknown
/bin/universe          = unknown

PATH: /usr/local/sbin
PATH: /usr/local/bin
PATH: /usr/sbin
PATH: /usr/bin
PATH: /sbin
PATH: /bin
PATH: /usr/games


## ----------- ##
## Core tests. ##
## ----------- ##

configure:2061: checking for a BSD-compatible install
configure:2117: result: /usr/bin/install -c
configure:2128: checking whether build environment is sane
configure:2171: result: yes
configure:2199: checking for a thread-safe mkdir -p
configure:2238: result: /bin/mkdir -p
configure:2251: checking for gawk
configure:2281: result: no
configure:2251: checking for mawk
configure:2267: found /usr/bin/mawk
configure:2278: result: mawk
configure:2289: checking whether make sets $(MAKE)
configure:2310: result: yes
configure:2576: checking build system type
configure:2594: result: i686-pc-linux-gnu
configure:2616: checking host system type
configure:2631: result: i686-pc-linux-gnu
configure:2665: checking for style of include used by make
configure:2693: result: GNU
configure:2763: checking for gcc
configure:2779: found /usr/bin/gcc
configure:2790: result: gcc
configure:3028: checking for C compiler version
configure:3035: gcc --version >&5
gcc (GCC) 4.2.4 (Ubuntu 4.2.4-1ubuntu3)
Copyright (C) 2007 Free Software Foundation, Inc.
This is free software; see the source for copying conditions.  There is NO
warranty; not even for MERCHANTABILITY or FITNESS FOR A PARTICULAR PURPOSE.

configure:3038: $? = 0
configure:3045: gcc -v >&5
Using built-in specs.
Target: i486-linux-gnu
Configured with: ../src/configure -v --enable-languages=c,c++,fortran,objc,obj-c++,treelang --prefix=/usr --enable-shared --with-system-zlib --libexecdir=/usr/lib --without-included-gettext --enable-threads=posix --enable-nls --with-gxx-include-dir=/usr/include/c++/4.2 --program-suffix=-4.2 --enable-clocale=gnu --enable-libstdcxx-debug --enable-objc-gc --enable-mpfr --enable-targets=all --enable-checking=release --build=i486-linux-gnu --host=i486-linux-gnu --target=i486-linux-gnu
Thread model: posix
gcc version 4.2.4 (Ubuntu 4.2.4-1ubuntu3)
configure:3048: $? = 0
configure:3055: gcc -V >&5
gcc: '-V' option must have argument
configure:3058: $? = 1
configure:3081: checking for C compiler default output file name
configure:3108: gcc    conftest.c  >&5
configure:3111: $? = 0
configure:3149: result: a.out
configure:3166: checking whether the C compiler works
configure:3176: ./a.out
configure:3179: $? = 0
configure:3196: result: yes
configure:3203: checking whether we are cross compiling
configure:3205: result: no
configure:3208: checking for suffix of executables
configure:3215: gcc -o conftest    conftest.c  >&5
configure:3218: $? = 0
configure:3242: result: 
configure:3248: checking for suffix of object files
configure:3274: gcc -c   conftest.c >&5
configure:3277: $? = 0
configure:3300: result: o
configure:3304: checking whether we are using the GNU C compiler
configure:3333: gcc -c   conftest.c >&5
configure:3339: $? = 0
configure:3356: result: yes
configure:3361: checking whether gcc accepts -g
configure:3391: gcc -c -g  conftest.c >&5
configure:3397: $? = 0
configure:3496: result: yes
configure:3513: checking for gcc option to accept ISO C89
configure:3587: gcc  -c -g -O2  conftest.c >&5
configure:3593: $? = 0
configure:3616: result: none needed
configure:3636: checking dependency style of gcc
configure:3727: result: gcc3
configure:3742: checking for a sed that does not truncate output
configure:3798: result: /bin/sed
configure:3801: checking for grep that handles long lines and -e
configure:3875: result: /bin/grep
configure:3880: checking for egrep
configure:3958: result: /bin/grep -E
configure:3974: checking for ld used by gcc
configure:4041: result: /usr/bin/ld
configure:4050: checking if the linker (/usr/bin/ld) is GNU ld
configure:4065: result: yes
configure:4070: checking for /usr/bin/ld option to reload object files
configure:4077: result: -r
configure:4095: checking for BSD-compatible nm
configure:4144: result: /usr/bin/nm -B
configure:4148: checking whether ln -s works
configure:4152: result: yes
configure:4159: checking how to recognize dependent libraries
configure:4345: result: pass_all
configure:4590: checking how to run the C preprocessor
configure:4630: gcc -E  conftest.c
configure:4636: $? = 0
configure:4667: gcc -E  conftest.c
conftest.c:10:28: error: ac_nonexistent.h: No such file or directory
configure:4673: $? = 1
configure: failed program was:
| /* confdefs.h.  */
| #define PACKAGE_NAME "cairo-dock"
| #define PACKAGE_TARNAME "cairo-dock"
| #define PACKAGE_VERSION "2.0.0-alpha0"
| #define PACKAGE_STRING "cairo-dock 2.0.0-alpha0"
| #define PACKAGE_BUGREPORT "Fabrice Rey (fabounet@users.berlios.de)"
| #define PACKAGE "cairo-dock"
| #define VERSION "2.0.0-alpha0"
| /* end confdefs.h.  */
| #include <ac_nonexistent.h>
configure:4706: result: gcc -E
configure:4735: gcc -E  conftest.c
configure:4741: $? = 0
configure:4772: gcc -E  conftest.c
conftest.c:10:28: error: ac_nonexistent.h: No such file or directory
configure:4778: $? = 1
configure: failed program was:
| /* confdefs.h.  */
| #define PACKAGE_NAME "cairo-dock"
| #define PACKAGE_TARNAME "cairo-dock"
| #define PACKAGE_VERSION "2.0.0-alpha0"
| #define PACKAGE_STRING "cairo-dock 2.0.0-alpha0"
| #define PACKAGE_BUGREPORT "Fabrice Rey (fabounet@users.berlios.de)"
| #define PACKAGE "cairo-dock"
| #define VERSION "2.0.0-alpha0"
| /* end confdefs.h.  */
| #include <ac_nonexistent.h>
configure:4816: checking for ANSI C header files
configure:4846: gcc -c -g -O2  conftest.c >&5
configure:4852: $? = 0
configure:4951: gcc -o conftest -g -O2   conftest.c  >&5
configure:4954: $? = 0
configure:4960: ./conftest
configure:4963: $? = 0
configure:4980: result: yes
configure:5004: checking for sys/types.h
configure:5025: gcc -c -g -O2  conftest.c >&5
configure:5031: $? = 0
configure:5047: result: yes
configure:5004: checking for sys/stat.h
configure:5025: gcc -c -g -O2  conftest.c >&5
configure:5031: $? = 0
configure:5047: result: yes
configure:5004: checking for stdlib.h
configure:5025: gcc -c -g -O2  conftest.c >&5
configure:5031: $? = 0
configure:5047: result: yes
configure:5004: checking for string.h
configure:5025: gcc -c -g -O2  conftest.c >&5
configure:5031: $? = 0
configure:5047: result: yes
configure:5004: checking for memory.h
configure:5025: gcc -c -g -O2  conftest.c >&5
configure:5031: $? = 0
configure:5047: result: yes
configure:5004: checking for strings.h
configure:5025: gcc -c -g -O2  conftest.c >&5
configure:5031: $? = 0
configure:5047: result: yes
configure:5004: checking for inttypes.h
configure:5025: gcc -c -g -O2  conftest.c >&5
configure:5031: $? = 0
configure:5047: result: yes
configure:5004: checking for stdint.h
configure:5025: gcc -c -g -O2  conftest.c >&5
configure:5031: $? = 0
configure:5047: result: yes
configure:5004: checking for unistd.h
configure:5025: gcc -c -g -O2  conftest.c >&5
configure:5031: $? = 0
configure:5047: result: yes
configure:5074: checking dlfcn.h usability
configure:5091: gcc -c -g -O2  conftest.c >&5
configure:5097: $? = 0
configure:5111: result: yes
configure:5115: checking dlfcn.h presence
configure:5130: gcc -E  conftest.c
configure:5136: $? = 0
configure:5150: result: yes
configure:5183: checking for dlfcn.h
configure:5191: result: yes
configure:5262: checking for g++
configure:5278: found /usr/bin/g++
configure:5289: result: g++
configure:5320: checking for C++ compiler version
configure:5327: g++ --version >&5
g++ (GCC) 4.2.4 (Ubuntu 4.2.4-1ubuntu3)
Copyright (C) 2007 Free Software Foundation, Inc.
This is free software; see the source for copying conditions.  There is NO
warranty; not even for MERCHANTABILITY or FITNESS FOR A PARTICULAR PURPOSE.

configure:5330: $? = 0
configure:5337: g++ -v >&5
Using built-in specs.
Target: i486-linux-gnu
Configured with: ../src/configure -v --enable-languages=c,c++,fortran,objc,obj-c++,treelang --prefix=/usr --enable-shared --with-system-zlib --libexecdir=/usr/lib --without-included-gettext --enable-threads=posix --enable-nls --with-gxx-include-dir=/usr/include/c++/4.2 --program-suffix=-4.2 --enable-clocale=gnu --enable-libstdcxx-debug --enable-objc-gc --enable-mpfr --enable-targets=all --enable-checking=release --build=i486-linux-gnu --host=i486-linux-gnu --target=i486-linux-gnu
Thread model: posix
gcc version 4.2.4 (Ubuntu 4.2.4-1ubuntu3)
configure:5340: $? = 0
configure:5347: g++ -V >&5
g++: '-V' option must have argument
configure:5350: $? = 1
configure:5353: checking whether we are using the GNU C++ compiler
configure:5382: g++ -c   conftest.cpp >&5
configure:5388: $? = 0
configure:5405: result: yes
configure:5410: checking whether g++ accepts -g
configure:5440: g++ -c -g  conftest.cpp >&5
configure:5446: $? = 0
configure:5545: result: yes
configure:5570: checking dependency style of g++
configure:5661: result: gcc3
configure:5686: checking how to run the C++ preprocessor
configure:5722: g++ -E  conftest.cpp
configure:5728: $? = 0
configure:5759: g++ -E  conftest.cpp
conftest.cpp:21:28: error: ac_nonexistent.h: No such file or directory
configure:5765: $? = 1
configure: failed program was:
| /* confdefs.h.  */
| #define PACKAGE_NAME "cairo-dock"
| #define PACKAGE_TARNAME "cairo-dock"
| #define PACKAGE_VERSION "2.0.0-alpha0"
| #define PACKAGE_STRING "cairo-dock 2.0.0-alpha0"
| #define PACKAGE_BUGREPORT "Fabrice Rey (fabounet@users.berlios.de)"
| #define PACKAGE "cairo-dock"
| #define VERSION "2.0.0-alpha0"
| #define STDC_HEADERS 1
| #define HAVE_SYS_TYPES_H 1
| #define HAVE_SYS_STAT_H 1
| #define HAVE_STDLIB_H 1
| #define HAVE_STRING_H 1
| #define HAVE_MEMORY_H 1
| #define HAVE_STRINGS_H 1
| #define HAVE_INTTYPES_H 1
| #define HAVE_STDINT_H 1
| #define HAVE_UNISTD_H 1
| #define HAVE_DLFCN_H 1
| /* end confdefs.h.  */
| #include <ac_nonexistent.h>
configure:5798: result: g++ -E
configure:5827: g++ -E  conftest.cpp
configure:5833: $? = 0
configure:5864: g++ -E  conftest.cpp
conftest.cpp:21:28: error: ac_nonexistent.h: No such file or directory
configure:5870: $? = 1
configure: failed program was:
| /* confdefs.h.  */
| #define PACKAGE_NAME "cairo-dock"
| #define PACKAGE_TARNAME "cairo-dock"
| #define PACKAGE_VERSION "2.0.0-alpha0"
| #define PACKAGE_STRING "cairo-dock 2.0.0-alpha0"
| #define PACKAGE_BUGREPORT "Fabrice Rey (fabounet@users.berlios.de)"
| #define PACKAGE "cairo-dock"
| #define VERSION "2.0.0-alpha0"
| #define STDC_HEADERS 1
| #define HAVE_SYS_TYPES_H 1
| #define HAVE_SYS_STAT_H 1
| #define HAVE_STDLIB_H 1
| #define HAVE_STRING_H 1
| #define HAVE_MEMORY_H 1
| #define HAVE_STRINGS_H 1
| #define HAVE_INTTYPES_H 1
| #define HAVE_STDINT_H 1
| #define HAVE_UNISTD_H 1
| #define HAVE_DLFCN_H 1
| /* end confdefs.h.  */
| #include <ac_nonexistent.h>
configure:5963: checking for g77
configure:5993: result: no
configure:5963: checking for xlf
configure:5993: result: no
configure:5963: checking for f77
configure:5993: result: no
configure:5963: checking for frt
configure:5993: result: no
configure:5963: checking for pgf77
configure:5993: result: no
configure:5963: checking for cf77
configure:5993: result: no
configure:5963: checking for fort77
configure:5993: result: no
configure:5963: checking for fl32
configure:5993: result: no
configure:5963: checking for af77
configure:5993: result: no
configure:5963: checking for xlf90
configure:5993: result: no
configure:5963: checking for f90
configure:5993: result: no
configure:5963: checking for pgf90
configure:5993: result: no
configure:5963: checking for pghpf
configure:5993: result: no
configure:5963: checking for epcf90
configure:5993: result: no
configure:5963: checking for gfortran
configure:5993: result: no
configure:5963: checking for g95
configure:5993: result: no
configure:5963: checking for xlf95
configure:5993: result: no
configure:5963: checking for f95
configure:5993: result: no
configure:5963: checking for fort
configure:5993: result: no
configure:5963: checking for ifort
configure:5993: result: no
configure:5963: checking for ifc
configure:5993: result: no
configure:5963: checking for efc
configure:5993: result: no
configure:5963: checking for pgf95
configure:5993: result: no
configure:5963: checking for lf95
configure:5993: result: no
configure:5963: checking for ftn
configure:5993: result: no
configure:6020: checking for Fortran 77 compiler version
configure:6027:  --version >&5
./configure: line 6028: --version: command not found
configure:6030: $? = 127
configure:6037:  -v >&5
./configure: line 6038: -v: command not found
configure:6040: $? = 127
configure:6047:  -V >&5
./configure: line 6048: -V: command not found
configure:6050: $? = 127
configure:6058: checking whether we are using the GNU Fortran 77 compiler
configure:6077:  -c  conftest.F >&5
./configure: line 6078: -c: command not found
configure:6083: $? = 127
configure: failed program was:
|       program main
| #ifndef __GNUC__
|        choke me
| #endif
| 
|       end
configure:6100: result: no
configure:6106: checking whether  accepts -g
configure:6123:  -c -g conftest.f >&5
./configure: line 6124: -c: command not found
configure:6129: $? = 127
configure: failed program was:
|       program main
| 
|       end
configure:6145: result: no
configure:6174: checking the maximum length of command line arguments
configure:6286: result: 98304
configure:6298: checking command to parse /usr/bin/nm -B output from gcc object
configure:6403: gcc -c -g -O2  conftest.c >&5
configure:6406: $? = 0
configure:6410: /usr/bin/nm -B conftest.o \| sed -n -e 's/^.*[ 	]\([ABCDGIRSTW][ABCDGIRSTW]*\)[ 	][ 	]*\([_A-Za-z][_A-Za-z0-9]*\)$/\1 \2 \2/p' \> conftest.nm
configure:6413: $? = 0
configure:6465: gcc -o conftest -g -O2   conftest.c conftstm.o >&5
configure:6468: $? = 0
configure:6506: result: ok
configure:6510: checking for objdir
configure:6525: result: .libs
configure:6617: checking for ar
configure:6633: found /usr/bin/ar
configure:6644: result: ar
configure:6713: checking for ranlib
configure:6729: found /usr/bin/ranlib
configure:6740: result: ranlib
configure:6809: checking for strip
configure:6825: found /usr/bin/strip
configure:6836: result: strip
configure:7434: checking if gcc supports -fno-rtti -fno-exceptions
configure:7452: gcc -c -g -O2  -fno-rtti -fno-exceptions conftest.c >&5
cc1: warning: command line option "-fno-rtti" is valid for C++/ObjC++ but not for C
configure:7456: $? = 0
configure:7469: result: no
configure:7484: checking for gcc option to produce PIC
configure:7716: result: -fPIC
configure:7724: checking if gcc PIC flag -fPIC works
configure:7742: gcc -c -g -O2  -fPIC -DPIC conftest.c >&5
configure:7746: $? = 0
configure:7759: result: yes
configure:7787: checking if gcc static flag -static works
configure:7815: result: yes
configure:7825: checking if gcc supports -c -o file.o
configure:7846: gcc -c -g -O2  -o out/conftest2.o conftest.c >&5
configure:7850: $? = 0
configure:7872: result: yes
configure:7898: checking whether the gcc linker (/usr/bin/ld) supports shared libraries
configure:8879: result: yes
configure:8900: checking whether -lc should be explicitly linked in
configure:8905: gcc -c -g -O2  conftest.c >&5
configure:8908: $? = 0
configure:8923: gcc -shared conftest.o  -v -Wl,-soname -Wl,conftest -o conftest 2\>\&1 \| grep  -lc  \>/dev/null 2\>\&1
configure:8926: $? = 0
configure:8938: result: no
configure:8946: checking dynamic linker characteristics
configure:9560: result: GNU/Linux ld.so
configure:9584: checking how to hardcode library paths into programs
configure:9609: result: immediate
configure:9623: checking whether stripping libraries is possible
configure:9628: result: yes
configure:10430: checking if libtool supports shared libraries
configure:10432: result: yes
configure:10435: checking whether to build shared libraries
configure:10456: result: yes
configure:10459: checking whether to build static libraries
configure:10463: result: yes
configure:10557: creating libtool
configure:11150: checking for ld used by g++
configure:11217: result: /usr/bin/ld
configure:11226: checking if the linker (/usr/bin/ld) is GNU ld
configure:11241: result: yes
configure:11292: checking whether the g++ linker (/usr/bin/ld) supports shared libraries
configure:12238: result: yes
configure:12255: g++ -c -g -O2  conftest.cpp >&5
configure:12258: $? = 0
configure:12414: checking for g++ option to produce PIC
configure:12698: result: -fPIC
configure:12706: checking if g++ PIC flag -fPIC works
configure:12724: g++ -c -g -O2  -fPIC -DPIC conftest.cpp >&5
configure:12728: $? = 0
configure:12741: result: yes
configure:12769: checking if g++ static flag -static works
configure:12797: result: yes
configure:12807: checking if g++ supports -c -o file.o
configure:12828: g++ -c -g -O2  -o out/conftest2.o conftest.cpp >&5
configure:12832: $? = 0
configure:12854: result: yes
configure:12880: checking whether the g++ linker (/usr/bin/ld) supports shared libraries
configure:12909: result: yes
configure:12976: checking dynamic linker characteristics
configure:13538: result: GNU/Linux ld.so
configure:13562: checking how to hardcode library paths into programs
configure:13587: result: immediate
configure:19847: checking for intltool >= 0.35.0
configure:19854: result: 0.35.0 found
configure:19905: checking for xgettext
configure:19923: found /usr/bin/xgettext
configure:19935: result: /usr/bin/xgettext
configure:19945: checking for msgmerge
configure:19963: found /usr/bin/msgmerge
configure:19975: result: /usr/bin/msgmerge
configure:19985: checking for msgfmt
configure:20003: found /usr/bin/msgfmt
configure:20015: result: /usr/bin/msgfmt
configure:20047: checking for perl
configure:20065: found /usr/bin/perl
configure:20077: result: /usr/bin/perl
configure:20096: checking for XML::Parser
configure:20099: result: ok
configure:20136: gcc -o conftest -g -O2   conftest.c  >&5
configure:20142: $? = 0
configure:20278: checking locale.h usability
configure:20295: gcc -c -g -O2  conftest.c >&5
configure:20301: $? = 0
configure:20315: result: yes
configure:20319: checking locale.h presence
configure:20334: gcc -E  conftest.c
configure:20340: $? = 0
configure:20354: result: yes
configure:20387: checking for locale.h
configure:20395: result: yes
configure:20409: checking for LC_MESSAGES
configure:20435: gcc -o conftest -g -O2   conftest.c  >&5
configure:20441: $? = 0
configure:20458: result: yes
configure:20487: checking libintl.h usability
configure:20504: gcc -c -g -O2  conftest.c >&5
configure:20510: $? = 0
configure:20524: result: yes
configure:20528: checking libintl.h presence
configure:20543: gcc -E  conftest.c
configure:20549: $? = 0
configure:20563: result: yes
configure:20596: checking for libintl.h
configure:20603: result: yes
configure:20614: checking for ngettext in libc
configure:20642: gcc -o conftest -g -O2   conftest.c  >&5
configure:20648: $? = 0
configure:20666: result: yes
configure:20670: checking for dgettext in libc
configure:20698: gcc -o conftest -g -O2   conftest.c  >&5
configure:20704: $? = 0
configure:20722: result: yes
configure:20731: checking for bind_textdomain_codeset
configure:20787: gcc -o conftest -g -O2   conftest.c  >&5
configure:20793: $? = 0
configure:20811: result: yes
configure:21298: checking for msgfmt
configure:21325: result: /usr/bin/msgfmt
configure:21338: checking for dcgettext
configure:21394: gcc -o conftest -g -O2   conftest.c   >&5
conftest.c:48: warning: conflicting types for built-in function 'dcgettext'
configure:21400: $? = 0
configure:21418: result: yes
configure:21429: checking if msgfmt accepts -c
configure:21444: $MSGFMT -c -o /dev/null conftest.foo
configure:21447: $? = 0
configure:21449: result: yes
configure:21459: checking for gmsgfmt
configure:21490: result: /usr/bin/msgfmt
configure:21500: checking for xgettext
configure:21527: result: /usr/bin/xgettext
configure:21556: gcc -o conftest -g -O2   conftest.c   >&5
configure:21562: $? = 0
configure:21845: checking for gcc
configure:21872: result: gcc
configure:22110: checking for C compiler version
configure:22117: gcc --version >&5
gcc (GCC) 4.2.4 (Ubuntu 4.2.4-1ubuntu3)
Copyright (C) 2007 Free Software Foundation, Inc.
This is free software; see the source for copying conditions.  There is NO
warranty; not even for MERCHANTABILITY or FITNESS FOR A PARTICULAR PURPOSE.

configure:22120: $? = 0
configure:22127: gcc -v >&5
Using built-in specs.
Target: i486-linux-gnu
Configured with: ../src/configure -v --enable-languages=c,c++,fortran,objc,obj-c++,treelang --prefix=/usr --enable-shared --with-system-zlib --libexecdir=/usr/lib --without-included-gettext --enable-threads=posix --enable-nls --with-gxx-include-dir=/usr/include/c++/4.2 --program-suffix=-4.2 --enable-clocale=gnu --enable-libstdcxx-debug --enable-objc-gc --enable-mpfr --enable-targets=all --enable-checking=release --build=i486-linux-gnu --host=i486-linux-gnu --target=i486-linux-gnu
Thread model: posix
gcc version 4.2.4 (Ubuntu 4.2.4-1ubuntu3)
configure:22130: $? = 0
configure:22137: gcc -V >&5
gcc: '-V' option must have argument
configure:22140: $? = 1
configure:22143: checking whether we are using the GNU C compiler
configure:22195: result: yes
configure:22200: checking whether gcc accepts -g
configure:22335: result: yes
configure:22352: checking for gcc option to accept ISO C89
configure:22455: result: none needed
configure:22475: checking dependency style of gcc
configure:22566: result: gcc3
configure:22585: checking for ANSI C header files
configure:22749: result: yes
configure:22775: checking math.h usability
configure:22792: gcc -c -g -O2  conftest.c >&5
configure:22798: $? = 0
configure:22812: result: yes
configure:22816: checking math.h presence
configure:22831: gcc -E  conftest.c
configure:22837: $? = 0
configure:22851: result: yes
configure:22884: checking for math.h
configure:22892: result: yes
configure:22765: checking for stdlib.h
configure:22771: result: yes
configure:22962: checking for pkg-config
configure:22980: found /usr/bin/pkg-config
configure:22992: result: /usr/bin/pkg-config
configure:23021: checking pkg-config is at least version 0.9.0
configure:23024: result: yes
configure:23035: checking for PACKAGE
configure:23043: $PKG_CONFIG --exists --print-errors ""gtk+-2.0 gthread-2.0 cairo librsvg-2.0 glitz dbus-1 dbus-glib-1 libxml-2.0 gtkglext-1.0""
configure:23046: $? = 0
configure:23061: $PKG_CONFIG --exists --print-errors ""gtk+-2.0 gthread-2.0 cairo librsvg-2.0 glitz dbus-1 dbus-glib-1 libxml-2.0 gtkglext-1.0""
configure:23064: $? = 0
configure:23140: result: yes
configure:23160: checking for XEXTEND
configure:23168: $PKG_CONFIG --exists --print-errors ""xtst xrender""
configure:23171: $? = 0
configure:23186: $PKG_CONFIG --exists --print-errors ""xtst xrender""
configure:23189: $? = 0
configure:23227: result: yes
configure:23521: creating ./config.status

## ---------------------- ##
## Running config.status. ##
## ---------------------- ##

This file was extended by cairo-dock config.status 2.0.0-alpha0, which was
generated by GNU Autoconf 2.61.  Invocation command line was

  CONFIG_FILES    = 
  CONFIG_HEADERS  = 
  CONFIG_LINKS    = 
  CONFIG_COMMANDS = 
  $ ./config.status 

on esteban

config.status:748: creating Makefile
config.status:748: creating cairo-dock.pc
config.status:888: WARNING:  cairo-dock.pc.in seems to ignore the --datarootdir setting
config.status:748: creating src/Makefile
config.status:748: creating po/Makefile.in
config.status:748: creating data/Makefile
config.status:748: creating data/cairo-dock.conf
config.status:748: creating data/main-dock.conf
config.status:748: creating data/default-theme/Makefile
config.status:748: creating data/default-theme/launchers/Makefile
config.status:748: creating data/default-theme/icons/Makefile
config.status:748: creating data/gauges/Makefile
config.status:748: creating data/gauges/radium/Makefile
config.status:748: creating data/gauges/radium-fuel/Makefile
config.status:748: creating data/gauges/battery/Makefile
config.status:748: creating data/gauges/old-square/Makefile
config.status:748: creating data/gauges/turbo-night/Makefile
config.status:748: creating data/gauges/turbo-night-fuel/Makefile
config.status:748: creating data/gauges/turbo-night-dual/Makefile
config.status:748: creating data/gauges/rainbow/Makefile
config.status:748: creating data/gauges/tomato/Makefile
config.status:748: creating data/gauges/Circle/Makefile
config.status:748: creating data/emblems/Makefile
config.status:748: creating data/explosion/Makefile
config.status:748: creating config.h
config.status:1033: executing depfiles commands
config.status:1033: executing intltool commands
config.status:1033: executing default-1 commands
config.status:1033: executing po/stamp-it commands

## ---------------- ##
## Cache variables. ##
## ---------------- ##

ac_cv_build=i686-pc-linux-gnu
ac_cv_c_compiler_gnu=yes
ac_cv_cxx_compiler_gnu=yes
ac_cv_env_CCC_set=
ac_cv_env_CCC_value=
ac_cv_env_CC_set=
ac_cv_env_CC_value=
ac_cv_env_CFLAGS_set=
ac_cv_env_CFLAGS_value=
ac_cv_env_CPPFLAGS_set=
ac_cv_env_CPPFLAGS_value=
ac_cv_env_CPP_set=
ac_cv_env_CPP_value=
ac_cv_env_CXXCPP_set=
ac_cv_env_CXXCPP_value=
ac_cv_env_CXXFLAGS_set=
ac_cv_env_CXXFLAGS_value=
ac_cv_env_CXX_set=
ac_cv_env_CXX_value=
ac_cv_env_F77_set=
ac_cv_env_F77_value=
ac_cv_env_FFLAGS_set=
ac_cv_env_FFLAGS_value=
ac_cv_env_GLITZ_CFLAGS_set=
ac_cv_env_GLITZ_CFLAGS_value=
ac_cv_env_GLITZ_LIBS_set=
ac_cv_env_GLITZ_LIBS_value=
ac_cv_env_LDFLAGS_set=
ac_cv_env_LDFLAGS_value=
ac_cv_env_LIBS_set=
ac_cv_env_LIBS_value=
ac_cv_env_PACKAGE_CFLAGS_set=
ac_cv_env_PACKAGE_CFLAGS_value=
ac_cv_env_PACKAGE_LIBS_set=
ac_cv_env_PACKAGE_LIBS_value=
ac_cv_env_PKG_CONFIG_set=
ac_cv_env_PKG_CONFIG_value=
ac_cv_env_XEXTEND_CFLAGS_set=
ac_cv_env_XEXTEND_CFLAGS_value=
ac_cv_env_XEXTEND_LIBS_set=
ac_cv_env_XEXTEND_LIBS_value=
ac_cv_env_build_alias_set=
ac_cv_env_build_alias_value=
ac_cv_env_host_alias_set=
ac_cv_env_host_alias_value=
ac_cv_env_target_alias_set=
ac_cv_env_target_alias_value=
ac_cv_f77_compiler_gnu=no
ac_cv_func_bind_textdomain_codeset=yes
ac_cv_func_dcgettext=yes
ac_cv_header_dlfcn_h=yes
ac_cv_header_inttypes_h=yes
ac_cv_header_libintl_h=yes
ac_cv_header_locale_h=yes
ac_cv_header_math_h=yes
ac_cv_header_memory_h=yes
ac_cv_header_stdc=yes
ac_cv_header_stdint_h=yes
ac_cv_header_stdlib_h=yes
ac_cv_header_string_h=yes
ac_cv_header_strings_h=yes
ac_cv_header_sys_stat_h=yes
ac_cv_header_sys_types_h=yes
ac_cv_header_unistd_h=yes
ac_cv_host=i686-pc-linux-gnu
ac_cv_objext=o
ac_cv_path_EGREP='/bin/grep -E'
ac_cv_path_GMSGFMT=/usr/bin/msgfmt
ac_cv_path_GREP=/bin/grep
ac_cv_path_INTLTOOL_PERL=/usr/bin/perl
ac_cv_path_MSGFMT=/usr/bin/msgfmt
ac_cv_path_MSGMERGE=/usr/bin/msgmerge
ac_cv_path_XGETTEXT=/usr/bin/xgettext
ac_cv_path_ac_pt_PKG_CONFIG=/usr/bin/pkg-config
ac_cv_path_install='/usr/bin/install -c'
ac_cv_path_mkdir=/bin/mkdir
ac_cv_prog_AWK=mawk
ac_cv_prog_CPP='gcc -E'
ac_cv_prog_CXXCPP='g++ -E'
ac_cv_prog_ac_ct_AR=ar
ac_cv_prog_ac_ct_CC=gcc
ac_cv_prog_ac_ct_CXX=g++
ac_cv_prog_ac_ct_RANLIB=ranlib
ac_cv_prog_ac_ct_STRIP=strip
ac_cv_prog_cc_c89=
ac_cv_prog_cc_g=yes
ac_cv_prog_cxx_g=yes
ac_cv_prog_f77_g=no
ac_cv_prog_make_make_set=yes
am_cv_CC_dependencies_compiler_type=gcc3
am_cv_CXX_dependencies_compiler_type=gcc3
am_cv_val_LC_MESSAGES=yes
gt_cv_func_dgettext_libc=yes
gt_cv_func_dgettext_libintl=no
gt_cv_func_ngettext_libc=yes
gt_cv_have_gettext=yes
lt_cv_deplibs_check_method=pass_all
lt_cv_file_magic_cmd='$MAGIC_CMD'
lt_cv_file_magic_test_file=
lt_cv_ld_reload_flag=-r
lt_cv_objdir=.libs
lt_cv_path_LD=/usr/bin/ld
lt_cv_path_LDCXX=/usr/bin/ld
lt_cv_path_NM='/usr/bin/nm -B'
lt_cv_path_SED=/bin/sed
lt_cv_prog_compiler_c_o=yes
lt_cv_prog_compiler_c_o_CXX=yes
lt_cv_prog_compiler_pic_works=yes
lt_cv_prog_compiler_pic_works_CXX=yes
lt_cv_prog_compiler_rtti_exceptions=no
lt_cv_prog_compiler_static_works=yes
lt_cv_prog_compiler_static_works_CXX=yes
lt_cv_prog_gnu_ld=yes
lt_cv_prog_gnu_ldcxx=yes
lt_cv_sys_global_symbol_pipe='sed -n -e '\''s/^.*[ 	]\([ABCDGIRSTW][ABCDGIRSTW]*\)[ 	][ 	]*\([_A-Za-z][_A-Za-z0-9]*\)$/\1 \2 \2/p'\'''
lt_cv_sys_global_symbol_to_c_name_address='sed -n -e '\''s/^: \([^ ]*\) $/  {\"\1\", (lt_ptr) 0},/p'\'' -e '\''s/^[BCDEGRST] \([^ ]*\) \([^ ]*\)$/  {"\2", (lt_ptr) \&\2},/p'\'''
lt_cv_sys_global_symbol_to_cdecl='sed -n -e '\''s/^. .* \(.*\)$/extern int \1;/p'\'''
lt_cv_sys_lib_dlsearch_path_spec='/lib /usr/lib /lib/i486-linux-gnu /usr/lib/i486-linux-gnu /usr/local/lib '
lt_cv_sys_lib_search_path_spec='/usr/lib/gcc/i486-linux-gnu/4.2.4 /usr/lib /lib'
lt_cv_sys_max_cmd_len=98304
lt_lt_cv_prog_compiler_c_o='"yes"'
lt_lt_cv_prog_compiler_c_o_CXX='"yes"'
lt_lt_cv_sys_global_symbol_pipe='"sed -n -e '\''s/^.*[ 	]\\([ABCDGIRSTW][ABCDGIRSTW]*\\)[ 	][ 	]*\\([_A-Za-z][_A-Za-z0-9]*\\)\$/\\1 \\2 \\2/p'\''"'
lt_lt_cv_sys_global_symbol_to_c_name_address='"sed -n -e '\''s/^: \\([^ ]*\\) \$/  {\\\"\\1\\\", (lt_ptr) 0},/p'\'' -e '\''s/^[BCDEGRST] \\([^ ]*\\) \\([^ ]*\\)\$/  {\"\\2\", (lt_ptr) \\&\\2},/p'\''"'
lt_lt_cv_sys_global_symbol_to_cdecl='"sed -n -e '\''s/^. .* \\(.*\\)\$/extern int \\1;/p'\''"'
pkg_cv_PACKAGE_CFLAGS='-pthread -I/usr/local/include/cairo -I/usr/local/include -I/usr/local/include/pixman-1 -I/usr/include/gtk-2.0 -I/usr/lib/gtk-2.0/include -I/usr/include/atk-1.0 -I/usr/include/pango-1.0 -I/usr/include/glib-2.0 -I/usr/lib/glib-2.0/include -I/usr/include/freetype2 -I/usr/include/libpng12 -I/usr/include/librsvg-2 -I/usr/include/dbus-1.0 -I/usr/lib/dbus-1.0/include -I/usr/include/libxml2 -I/usr/include/gtkglext-1.0 -I/usr/lib/gtkglext-1.0/include  '
pkg_cv_PACKAGE_LIBS='-pthread -Wl,--export-dynamic -L/usr/local/lib -lgthread-2.0 -lrt -lrsvg-2 -lglitz -ldbus-glib-1 -ldbus-1 -lxml2 -lgtkglext-x11-1.0 -lgdkglext-x11-1.0 -lGLU -lGL -lXmu -lXt -lSM -lICE -lgtk-x11-2.0 -lpangox-1.0 -lX11 -lgdk-x11-2.0 -latk-1.0 -lgdk_pixbuf-2.0 -lm -lpangocairo-1.0 -lpango-1.0 -lcairo -lgobject-2.0 -lgmodule-2.0 -ldl -lglib-2.0  '
pkg_cv_XEXTEND_CFLAGS=' '
pkg_cv_XEXTEND_LIBS='-lXtst -lXrender -lX11  '

## ----------------- ##
## Output variables. ##
## ----------------- ##

ACLOCAL='${SHELL} /home/fab/CD/branches/cairo-dock-2/missing --run aclocal-1.10'
ALL_LINGUAS=''
AMDEPBACKSLASH='\'
AMDEP_FALSE='#'
AMDEP_TRUE=''
AMTAR='${SHELL} /home/fab/CD/branches/cairo-dock-2/missing --run tar'
AR='ar'
AUTOCONF='${SHELL} /home/fab/CD/branches/cairo-dock-2/missing --run autoconf'
AUTOHEADER='${SHELL} /home/fab/CD/branches/cairo-dock-2/missing --run autoheader'
AUTOMAKE='${SHELL} /home/fab/CD/branches/cairo-dock-2/missing --run automake-1.10'
AWK='mawk'
CATALOGS=''
CATOBJEXT='.gmo'
CC='gcc'
CCDEPMODE='depmode=gcc3'
CFLAGS='-g -O2'
CPP='gcc -E'
CPPFLAGS=''
CXX='g++'
CXXCPP='g++ -E'
CXXDEPMODE='depmode=gcc3'
CXXFLAGS='-g -O2'
CYGPATH_W='echo'
DATADIRNAME='share'
DEFS='-DHAVE_CONFIG_H'
DEPDIR='.deps'
DSYMUTIL=''
ECHO='echo'
ECHO_C=''
ECHO_N='-n'
ECHO_T=''
EGREP='/bin/grep -E'
EXEEXT=''
F77=''
FFLAGS=''
GETTEXT_PACKAGE='cairo-dock'
GLITZ_CFLAGS=''
GLITZ_LIBS=''
GMOFILES=''
GMSGFMT='/usr/bin/msgfmt'
GREP='/bin/grep'
INSTALL_DATA='${INSTALL} -m 644'
INSTALL_PROGRAM='${INSTALL}'
INSTALL_SCRIPT='${INSTALL}'
INSTALL_STRIP_PROGRAM='$(install_sh) -c -s'
INSTOBJEXT='.mo'
INTLLIBS=''
INTLTOOL_CAVES_RULE='%.caves:     %.caves.in     $(INTLTOOL_MERGE) $(wildcard $(top_srcdir)/po/*.po) ; LC_ALL=C $(INTLTOOL_MERGE) -d -u -c $(top_builddir)/po/.intltool-merge-cache $(top_srcdir)/po $< $@'
INTLTOOL_DESKTOP_RULE='%.desktop:   %.desktop.in   $(INTLTOOL_MERGE) $(wildcard $(top_srcdir)/po/*.po) ; LC_ALL=C $(INTLTOOL_MERGE) -d -u -c $(top_builddir)/po/.intltool-merge-cache $(top_srcdir)/po $< $@'
INTLTOOL_DIRECTORY_RULE='%.directory: %.directory.in $(INTLTOOL_MERGE) $(wildcard $(top_srcdir)/po/*.po) ; LC_ALL=C $(INTLTOOL_MERGE) -d -u -c $(top_builddir)/po/.intltool-merge-cache $(top_srcdir)/po $< $@'
INTLTOOL_EXTRACT='$(top_builddir)/intltool-extract'
INTLTOOL_KBD_RULE='%.kbd:       %.kbd.in       $(INTLTOOL_MERGE) $(wildcard $(top_srcdir)/po/*.po) ; LC_ALL=C $(INTLTOOL_MERGE) -x -u -m -c $(top_builddir)/po/.intltool-merge-cache $(top_srcdir)/po $< $@'
INTLTOOL_KEYS_RULE='%.keys:      %.keys.in      $(INTLTOOL_MERGE) $(wildcard $(top_srcdir)/po/*.po) ; LC_ALL=C $(INTLTOOL_MERGE) -k -u -c $(top_builddir)/po/.intltool-merge-cache $(top_srcdir)/po $< $@'
INTLTOOL_MERGE='$(top_builddir)/intltool-merge'
INTLTOOL_OAF_RULE='%.oaf:       %.oaf.in       $(INTLTOOL_MERGE) $(wildcard $(top_srcdir)/po/*.po) ; LC_ALL=C $(INTLTOOL_MERGE) -o -p $(top_srcdir)/po $< $@'
INTLTOOL_PERL='/usr/bin/perl'
INTLTOOL_POLICY_RULE='%.policy:    %.policy.in    $(INTLTOOL_MERGE) $(wildcard $(top_srcdir)/po/*.po) ; LC_ALL=C $(INTLTOOL_MERGE) -x -u -c $(top_builddir)/po/.intltool-merge-cache $(top_srcdir)/po $< $@'
INTLTOOL_PONG_RULE='%.pong:      %.pong.in      $(INTLTOOL_MERGE) $(wildcard $(top_srcdir)/po/*.po) ; LC_ALL=C $(INTLTOOL_MERGE) -x -u -c $(top_builddir)/po/.intltool-merge-cache $(top_srcdir)/po $< $@'
INTLTOOL_PROP_RULE='%.prop:      %.prop.in      $(INTLTOOL_MERGE) $(wildcard $(top_srcdir)/po/*.po) ; LC_ALL=C $(INTLTOOL_MERGE) -d -u -c $(top_builddir)/po/.intltool-merge-cache $(top_srcdir)/po $< $@'
INTLTOOL_SCHEMAS_RULE='%.schemas:   %.schemas.in   $(INTLTOOL_MERGE) $(wildcard $(top_srcdir)/po/*.po) ; LC_ALL=C $(INTLTOOL_MERGE) -s -u -c $(top_builddir)/po/.intltool-merge-cache $(top_srcdir)/po $< $@'
INTLTOOL_SERVER_RULE='%.server:    %.server.in    $(INTLTOOL_MERGE) $(wildcard $(top_srcdir)/po/*.po) ; LC_ALL=C $(INTLTOOL_MERGE) -o -u -c $(top_builddir)/po/.intltool-merge-cache $(top_srcdir)/po $< $@'
INTLTOOL_SERVICE_RULE='%.service: %.service.in   $(INTLTOOL_MERGE) $(wildcard $(top_srcdir)/po/*.po) ; LC_ALL=C $(INTLTOOL_MERGE) -d -u -c $(top_builddir)/po/.intltool-merge-cache $(top_srcdir)/po $< $@'
INTLTOOL_SHEET_RULE='%.sheet:     %.sheet.in     $(INTLTOOL_MERGE) $(wildcard $(top_srcdir)/po/*.po) ; LC_ALL=C $(INTLTOOL_MERGE) -x -u -c $(top_builddir)/po/.intltool-merge-cache $(top_srcdir)/po $< $@'
INTLTOOL_SOUNDLIST_RULE='%.soundlist: %.soundlist.in $(INTLTOOL_MERGE) $(wildcard $(top_srcdir)/po/*.po) ; LC_ALL=C $(INTLTOOL_MERGE) -d -u -c $(top_builddir)/po/.intltool-merge-cache $(top_srcdir)/po $< $@'
INTLTOOL_THEME_RULE='%.theme:     %.theme.in     $(INTLTOOL_MERGE) $(wildcard $(top_srcdir)/po/*.po) ; LC_ALL=C $(INTLTOOL_MERGE) -d -u -c $(top_builddir)/po/.intltool-merge-cache $(top_srcdir)/po $< $@'
INTLTOOL_UI_RULE='%.ui:        %.ui.in        $(INTLTOOL_MERGE) $(wildcard $(top_srcdir)/po/*.po) ; LC_ALL=C $(INTLTOOL_MERGE) -x -u -c $(top_builddir)/po/.intltool-merge-cache $(top_srcdir)/po $< $@'
INTLTOOL_UPDATE='$(top_builddir)/intltool-update'
INTLTOOL_XAM_RULE='%.xam:       %.xml.in       $(INTLTOOL_MERGE) $(wildcard $(top_srcdir)/po/*.po) ; LC_ALL=C $(INTLTOOL_MERGE) -x -u -c $(top_builddir)/po/.intltool-merge-cache $(top_srcdir)/po $< $@'
INTLTOOL_XML_NOMERGE_RULE='%.xml:       %.xml.in       $(INTLTOOL_MERGE) ; LC_ALL=C $(INTLTOOL_MERGE) -x -u /tmp $< $@'
INTLTOOL_XML_RULE='%.xml:       %.xml.in       $(INTLTOOL_MERGE) $(wildcard $(top_srcdir)/po/*.po) ; LC_ALL=C $(INTLTOOL_MERGE) -x -u -c $(top_builddir)/po/.intltool-merge-cache $(top_srcdir)/po $< $@'
LDFLAGS=''
LIBOBJS=''
LIBS=''
LIBTOOL='$(SHELL) $(top_builddir)/libtool'
LN_S='ln -s'
LTLIBOBJS=''
MAKEINFO='${SHELL} /home/fab/CD/branches/cairo-dock-2/missing --run makeinfo'
MKINSTALLDIRS='./mkinstalldirs'
MSGFMT='/usr/bin/msgfmt'
MSGFMT_OPTS='-c'
MSGMERGE='/usr/bin/msgmerge'
NMEDIT=''
OBJEXT='o'
PACKAGE='cairo-dock'
PACKAGE_BUGREPORT='Fabrice Rey (fabounet@users.berlios.de)'
PACKAGE_CFLAGS='-pthread -I/usr/local/include/cairo -I/usr/local/include -I/usr/local/include/pixman-1 -I/usr/include/gtk-2.0 -I/usr/lib/gtk-2.0/include -I/usr/include/atk-1.0 -I/usr/include/pango-1.0 -I/usr/include/glib-2.0 -I/usr/lib/glib-2.0/include -I/usr/include/freetype2 -I/usr/include/libpng12 -I/usr/include/librsvg-2 -I/usr/include/dbus-1.0 -I/usr/lib/dbus-1.0/include -I/usr/include/libxml2 -I/usr/include/gtkglext-1.0 -I/usr/lib/gtkglext-1.0/include  '
PACKAGE_LIBS='-pthread -Wl,--export-dynamic -L/usr/local/lib -lgthread-2.0 -lrt -lrsvg-2 -lglitz -ldbus-glib-1 -ldbus-1 -lxml2 -lgtkglext-x11-1.0 -lgdkglext-x11-1.0 -lGLU -lGL -lXmu -lXt -lSM -lICE -lgtk-x11-2.0 -lpangox-1.0 -lX11 -lgdk-x11-2.0 -latk-1.0 -lgdk_pixbuf-2.0 -lm -lpangocairo-1.0 -lpango-1.0 -lcairo -lgobject-2.0 -lgmodule-2.0 -ldl -lglib-2.0  '
PACKAGE_NAME='cairo-dock'
PACKAGE_STRING='cairo-dock 2.0.0-alpha0'
PACKAGE_TARNAME='cairo-dock'
PACKAGE_VERSION='2.0.0-alpha0'
PATH_SEPARATOR=':'
PKG_CONFIG='/usr/bin/pkg-config'
POFILES=''
POSUB='po'
PO_IN_DATADIR_FALSE=''
PO_IN_DATADIR_TRUE=''
RANLIB='ranlib'
SED='/bin/sed'
SET_MAKE=''
SHELL='/bin/bash'
STRIP='strip'
USE_NLS='yes'
VERSION='2.0.0-alpha0'
WITH_GLITZ_FALSE=''
WITH_GLITZ_TRUE='#'
WITH_XEXTEND_FALSE='#'
WITH_XEXTEND_TRUE=''
XEXTEND_CFLAGS=' '
XEXTEND_LIBS='-lXtst -lXrender -lX11  '
XGETTEXT='/usr/bin/xgettext'
ac_ct_CC='gcc'
ac_ct_CXX='g++'
ac_ct_F77=''
am__fastdepCC_FALSE='#'
am__fastdepCC_TRUE=''
am__fastdepCXX_FALSE='#'
am__fastdepCXX_TRUE=''
am__include='include'
am__isrc=''
am__leading_dot='.'
am__quote=''
am__tar='${AMTAR} chof - "$$tardir"'
am__untar='${AMTAR} xf -'
bindir='${exec_prefix}/bin'
build='i686-pc-linux-gnu'
build_alias=''
build_cpu='i686'
build_os='linux-gnu'
build_vendor='pc'
datadir='${datarootdir}'
datarootdir='${prefix}/share'
docdir='${datarootdir}/doc/${PACKAGE_TARNAME}'
dvidir='${docdir}'
exec_prefix='${prefix}'
glitz_required=''
host='i686-pc-linux-gnu'
host_alias=''
host_cpu='i686'
host_os='linux-gnu'
host_vendor='pc'
htmldir='${docdir}'
includedir='${prefix}/include'
infodir='${datarootdir}/info'
install_sh='$(SHELL) /home/fab/CD/branches/cairo-dock-2/install-sh'
libdir='${exec_prefix}/lib'
libexecdir='${exec_prefix}/libexec'
localedir='${datarootdir}/locale'
localstatedir='${prefix}/var'
mandir='${datarootdir}/man'
mkdir_p='/bin/mkdir -p'
oldincludedir='/usr/include'
pdfdir='${docdir}'
prefix='/usr/local'
program_transform_name='s,x,x,'
psdir='${docdir}'
sbindir='${exec_prefix}/sbin'
sharedstatedir='${prefix}/com'
sysconfdir='${prefix}/etc'
target_alias=''
xextend_required='xtst xrender'

## ----------- ##
## confdefs.h. ##
## ----------- ##

#define PACKAGE_NAME "cairo-dock"
#define PACKAGE_TARNAME "cairo-dock"
#define PACKAGE_VERSION "2.0.0-alpha0"
#define PACKAGE_STRING "cairo-dock 2.0.0-alpha0"
#define PACKAGE_BUGREPORT "Fabrice Rey (fabounet@users.berlios.de)"
#define PACKAGE "cairo-dock"
#define VERSION "2.0.0-alpha0"
#define STDC_HEADERS 1
#define HAVE_SYS_TYPES_H 1
#define HAVE_SYS_STAT_H 1
#define HAVE_STDLIB_H 1
#define HAVE_STRING_H 1
#define HAVE_MEMORY_H 1
#define HAVE_STRINGS_H 1
#define HAVE_INTTYPES_H 1
#define HAVE_STDINT_H 1
#define HAVE_UNISTD_H 1
#define HAVE_DLFCN_H 1
#define HAVE_LOCALE_H 1
#define HAVE_LC_MESSAGES 1
#define HAVE_BIND_TEXTDOMAIN_CODESET 1
#define HAVE_GETTEXT 1
#define HAVE_DCGETTEXT 1
#define ENABLE_NLS 1
#define GETTEXT_PACKAGE "cairo-dock"
#define STDC_HEADERS 1
#define HAVE_MATH_H 1
#define HAVE_STDLIB_H 1
#define HAVE_XEXTEND "1"

configure: exit 0
